-------------------------------------------------------------------------------
Test set: controllers.ApiControllerDocTesterTest
-------------------------------------------------------------------------------
Tests run: 2, Failures: 0, Errors: 2, Skipped: 0, Time elapsed: 2.805 sec <<< FAILURE!
testGetIndex(controllers.ApiControllerDocTesterTest)  Time elapsed: 2.429 sec  <<< ERROR!
java.lang.RuntimeException: java.lang.RuntimeException: Unable to initialize Ninja routes
	at ninja.utils.NinjaTestServer.<init>(NinjaTestServer.java:169)
	at ninja.utils.NinjaTestServer.<init>(NinjaTestServer.java:34)
	at ninja.utils.NinjaTestServer$Builder.build(NinjaTestServer.java:139)
	at ninja.NinjaDocTester.startServerInTestMode(NinjaDocTester.java:43)
	at java.base/jdk.internal.reflect.NativeMethodAccessorImpl.invoke0(Native Method)
	at java.base/jdk.internal.reflect.NativeMethodAccessorImpl.invoke(NativeMethodAccessorImpl.java:77)
	at java.base/jdk.internal.reflect.DelegatingMethodAccessorImpl.invoke(DelegatingMethodAccessorImpl.java:43)
	at java.base/java.lang.reflect.Method.invoke(Method.java:568)
	at org.junit.runners.model.FrameworkMethod$1.runReflectiveCall(FrameworkMethod.java:59)
	at org.junit.internal.runners.model.ReflectiveCallable.run(ReflectiveCallable.java:12)
	at org.junit.runners.model.FrameworkMethod.invokeExplosively(FrameworkMethod.java:56)
	at org.junit.internal.runners.statements.RunBefores.invokeMethod(RunBefores.java:33)
	at org.junit.internal.runners.statements.RunBefores.evaluate(RunBefores.java:24)
	at org.junit.internal.runners.statements.RunAfters.evaluate(RunAfters.java:27)
	at org.junit.rules.TestWatcher$1.evaluate(TestWatcher.java:61)
	at org.junit.runners.ParentRunner$3.evaluate(ParentRunner.java:306)
	at org.junit.runners.BlockJUnit4ClassRunner$1.evaluate(BlockJUnit4ClassRunner.java:100)
	at org.junit.runners.ParentRunner.runLeaf(ParentRunner.java:366)
	at org.junit.runners.BlockJUnit4ClassRunner.runChild(BlockJUnit4ClassRunner.java:103)
	at org.junit.runners.BlockJUnit4ClassRunner.runChild(BlockJUnit4ClassRunner.java:63)
	at org.junit.runners.ParentRunner$4.run(ParentRunner.java:331)
	at org.junit.runners.ParentRunner$1.schedule(ParentRunner.java:79)
	at org.junit.runners.ParentRunner.runChildren(ParentRunner.java:329)
	at org.junit.runners.ParentRunner.access$100(ParentRunner.java:66)
	at org.junit.runners.ParentRunner$2.evaluate(ParentRunner.java:293)
	at org.junit.internal.runners.statements.RunAfters.evaluate(RunAfters.java:27)
	at org.junit.runners.ParentRunner$3.evaluate(ParentRunner.java:306)
	at org.junit.runners.ParentRunner.run(ParentRunner.java:413)
	at org.apache.maven.surefire.junit4.JUnit4Provider.execute(JUnit4Provider.java:252)
	at org.apache.maven.surefire.junit4.JUnit4Provider.executeTestSet(JUnit4Provider.java:141)
	at org.apache.maven.surefire.junit4.JUnit4Provider.invoke(JUnit4Provider.java:112)
	at java.base/jdk.internal.reflect.NativeMethodAccessorImpl.invoke0(Native Method)
	at java.base/jdk.internal.reflect.NativeMethodAccessorImpl.invoke(NativeMethodAccessorImpl.java:77)
	at java.base/jdk.internal.reflect.DelegatingMethodAccessorImpl.invoke(DelegatingMethodAccessorImpl.java:43)
	at java.base/java.lang.reflect.Method.invoke(Method.java:568)
	at org.apache.maven.surefire.util.ReflectionUtils.invokeMethodWithArray(ReflectionUtils.java:189)
	at org.apache.maven.surefire.booter.ProviderFactory$ProviderProxy.invoke(ProviderFactory.java:165)
	at org.apache.maven.surefire.booter.ProviderFactory.invokeProvider(ProviderFactory.java:85)
	at org.apache.maven.surefire.booter.ForkedBooter.runSuitesInProcess(ForkedBooter.java:115)
	at org.apache.maven.surefire.booter.ForkedBooter.main(ForkedBooter.java:75)
Caused by: java.lang.RuntimeException: Unable to initialize Ninja routes
	at ninja.Bootstrap.boot(Bootstrap.java:124)
	at ninja.servlet.NinjaServletListener.createNinjaBootstrap(NinjaServletListener.java:165)
	at ninja.servlet.NinjaServletListener.getInjector(NinjaServletListener.java:135)
	at com.google.inject.servlet.GuiceServletContextListener.contextInitialized(GuiceServletContextListener.java:45)
	at ninja.servlet.NinjaServletListener.contextInitialized(NinjaServletListener.java:86)
	at org.eclipse.jetty.server.handler.ContextHandler.callContextInitialized(ContextHandler.java:1067)
	at org.eclipse.jetty.servlet.ServletContextHandler.callContextInitialized(ServletContextHandler.java:572)
	at org.eclipse.jetty.server.handler.ContextHandler.contextInitialized(ContextHandler.java:996)
	at org.eclipse.jetty.servlet.ServletHandler.initialize(ServletHandler.java:746)
	at org.eclipse.jetty.servlet.ServletContextHandler.startContext(ServletContextHandler.java:379)
	at org.eclipse.jetty.server.handler.ContextHandler.doStart(ContextHandler.java:910)
	at org.eclipse.jetty.servlet.ServletContextHandler.doStart(ServletContextHandler.java:288)
	at org.eclipse.jetty.util.component.AbstractLifeCycle.start(AbstractLifeCycle.java:73)
	at org.eclipse.jetty.util.component.ContainerLifeCycle.start(ContainerLifeCycle.java:169)
	at org.eclipse.jetty.server.Server.start(Server.java:423)
	at org.eclipse.jetty.util.component.ContainerLifeCycle.doStart(ContainerLifeCycle.java:110)
	at org.eclipse.jetty.server.handler.AbstractHandler.doStart(AbstractHandler.java:97)
	at org.eclipse.jetty.server.Server.doStart(Server.java:387)
	at org.eclipse.jetty.util.component.AbstractLifeCycle.start(AbstractLifeCycle.java:73)
	at ninja.standalone.NinjaJetty.doStart(NinjaJetty.java:171)
	at ninja.standalone.AbstractConsole.start(AbstractConsole.java:91)
	at ninja.standalone.AbstractConsole.start(AbstractConsole.java:35)
	at ninja.utils.NinjaTestServer.<init>(NinjaTestServer.java:167)
	... 39 more
Caused by: com.google.inject.ConfigurationException: Guice configuration errors:

1) [Guice/MissingImplementation]: No implementation for EntityManager was bound.

Requested by:
1  : dao.UserDao.entityManagerProvider(UserDao.java:16)
      \_ for field entityManagerProvider
     at controllers.AuthController.userDao(AuthController.java:17)
      \_ for field userDao
     while locating controllers.AuthController

Learn more:
  https://github.com/google/guice/wiki/MISSING_IMPLEMENTATION

1 error

======================
Full classname legend:
======================
EntityManager: "javax.persistence.EntityManager"
========================
End of classname legend:
========================

	at com.google.inject.internal.InjectorImpl.getProvider(InjectorImpl.java:1126)
	at com.google.inject.internal.InjectorImpl.getProvider(InjectorImpl.java:1086)
	at ninja.RouteBuilderImpl.buildFilterChain(RouteBuilderImpl.java:290)
	at ninja.RouteBuilderImpl.buildRoute(RouteBuilderImpl.java:250)
	at ninja.RouterImpl.lambda$compileRoutes$1(RouterImpl.java:192)
	at java.base/java.util.ArrayList.forEach(ArrayList.java:1511)
	at ninja.RouterImpl.compileRoutes(RouterImpl.java:191)
	at ninja.Bootstrap.initRoutes(Bootstrap.java:260)
	at ninja.Bootstrap.boot(Bootstrap.java:122)
	... 61 more

testGetHelloWorldJson(controllers.ApiControllerDocTesterTest)  Time elapsed: 0.208 sec  <<< ERROR!
java.lang.RuntimeException: java.lang.RuntimeException: Unable to initialize Ninja routes
	at ninja.utils.NinjaTestServer.<init>(NinjaTestServer.java:169)
	at ninja.utils.NinjaTestServer.<init>(NinjaTestServer.java:34)
	at ninja.utils.NinjaTestServer$Builder.build(NinjaTestServer.java:139)
	at ninja.NinjaDocTester.startServerInTestMode(NinjaDocTester.java:43)
	at java.base/jdk.internal.reflect.NativeMethodAccessorImpl.invoke0(Native Method)
	at java.base/jdk.internal.reflect.NativeMethodAccessorImpl.invoke(NativeMethodAccessorImpl.java:77)
	at java.base/jdk.internal.reflect.DelegatingMethodAccessorImpl.invoke(DelegatingMethodAccessorImpl.java:43)
	at java.base/java.lang.reflect.Method.invoke(Method.java:568)
	at org.junit.runners.model.FrameworkMethod$1.runReflectiveCall(FrameworkMethod.java:59)
	at org.junit.internal.runners.model.ReflectiveCallable.run(ReflectiveCallable.java:12)
	at org.junit.runners.model.FrameworkMethod.invokeExplosively(FrameworkMethod.java:56)
	at org.junit.internal.runners.statements.RunBefores.invokeMethod(RunBefores.java:33)
	at org.junit.internal.runners.statements.RunBefores.evaluate(RunBefores.java:24)
	at org.junit.internal.runners.statements.RunAfters.evaluate(RunAfters.java:27)
	at org.junit.rules.TestWatcher$1.evaluate(TestWatcher.java:61)
	at org.junit.runners.ParentRunner$3.evaluate(ParentRunner.java:306)
	at org.junit.runners.BlockJUnit4ClassRunner$1.evaluate(BlockJUnit4ClassRunner.java:100)
	at org.junit.runners.ParentRunner.runLeaf(ParentRunner.java:366)
	at org.junit.runners.BlockJUnit4ClassRunner.runChild(BlockJUnit4ClassRunner.java:103)
	at org.junit.runners.BlockJUnit4ClassRunner.runChild(BlockJUnit4ClassRunner.java:63)
	at org.junit.runners.ParentRunner$4.run(ParentRunner.java:331)
	at org.junit.runners.ParentRunner$1.schedule(ParentRunner.java:79)
	at org.junit.runners.ParentRunner.runChildren(ParentRunner.java:329)
	at org.junit.runners.ParentRunner.access$100(ParentRunner.java:66)
	at org.junit.runners.ParentRunner$2.evaluate(ParentRunner.java:293)
	at org.junit.internal.runners.statements.RunAfters.evaluate(RunAfters.java:27)
	at org.junit.runners.ParentRunner$3.evaluate(ParentRunner.java:306)
	at org.junit.runners.ParentRunner.run(ParentRunner.java:413)
	at org.apache.maven.surefire.junit4.JUnit4Provider.execute(JUnit4Provider.java:252)
	at org.apache.maven.surefire.junit4.JUnit4Provider.executeTestSet(JUnit4Provider.java:141)
	at org.apache.maven.surefire.junit4.JUnit4Provider.invoke(JUnit4Provider.java:112)
	at java.base/jdk.internal.reflect.NativeMethodAccessorImpl.invoke0(Native Method)
	at java.base/jdk.internal.reflect.NativeMethodAccessorImpl.invoke(NativeMethodAccessorImpl.java:77)
	at java.base/jdk.internal.reflect.DelegatingMethodAccessorImpl.invoke(DelegatingMethodAccessorImpl.java:43)
	at java.base/java.lang.reflect.Method.invoke(Method.java:568)
	at org.apache.maven.surefire.util.ReflectionUtils.invokeMethodWithArray(ReflectionUtils.java:189)
	at org.apache.maven.surefire.booter.ProviderFactory$ProviderProxy.invoke(ProviderFactory.java:165)
	at org.apache.maven.surefire.booter.ProviderFactory.invokeProvider(ProviderFactory.java:85)
	at org.apache.maven.surefire.booter.ForkedBooter.runSuitesInProcess(ForkedBooter.java:115)
	at org.apache.maven.surefire.booter.ForkedBooter.main(ForkedBooter.java:75)
Caused by: java.lang.RuntimeException: Unable to initialize Ninja routes
	at ninja.Bootstrap.boot(Bootstrap.java:124)
	at ninja.servlet.NinjaServletListener.createNinjaBootstrap(NinjaServletListener.java:165)
	at ninja.servlet.NinjaServletListener.getInjector(NinjaServletListener.java:135)
	at com.google.inject.servlet.GuiceServletContextListener.contextInitialized(GuiceServletContextListener.java:45)
	at ninja.servlet.NinjaServletListener.contextInitialized(NinjaServletListener.java:86)
	at org.eclipse.jetty.server.handler.ContextHandler.callContextInitialized(ContextHandler.java:1067)
	at org.eclipse.jetty.servlet.ServletContextHandler.callContextInitialized(ServletContextHandler.java:572)
	at org.eclipse.jetty.server.handler.ContextHandler.contextInitialized(ContextHandler.java:996)
	at org.eclipse.jetty.servlet.ServletHandler.initialize(ServletHandler.java:746)
	at org.eclipse.jetty.servlet.ServletContextHandler.startContext(ServletContextHandler.java:379)
	at org.eclipse.jetty.server.handler.ContextHandler.doStart(ContextHandler.java:910)
	at org.eclipse.jetty.servlet.ServletContextHandler.doStart(ServletContextHandler.java:288)
	at org.eclipse.jetty.util.component.AbstractLifeCycle.start(AbstractLifeCycle.java:73)
	at org.eclipse.jetty.util.component.ContainerLifeCycle.start(ContainerLifeCycle.java:169)
	at org.eclipse.jetty.server.Server.start(Server.java:423)
	at org.eclipse.jetty.util.component.ContainerLifeCycle.doStart(ContainerLifeCycle.java:110)
	at org.eclipse.jetty.server.handler.AbstractHandler.doStart(AbstractHandler.java:97)
	at org.eclipse.jetty.server.Server.doStart(Server.java:387)
	at org.eclipse.jetty.util.component.AbstractLifeCycle.start(AbstractLifeCycle.java:73)
	at ninja.standalone.NinjaJetty.doStart(NinjaJetty.java:171)
	at ninja.standalone.AbstractConsole.start(AbstractConsole.java:91)
	at ninja.standalone.AbstractConsole.start(AbstractConsole.java:35)
	at ninja.utils.NinjaTestServer.<init>(NinjaTestServer.java:167)
	... 39 more
Caused by: com.google.inject.ConfigurationException: Guice configuration errors:

1) [Guice/MissingImplementation]: No implementation for EntityManager was bound.

Requested by:
1  : dao.UserDao.entityManagerProvider(UserDao.java:16)
      \_ for field entityManagerProvider
     at controllers.AuthController.userDao(AuthController.java:17)
      \_ for field userDao
     while locating controllers.AuthController

Learn more:
  https://github.com/google/guice/wiki/MISSING_IMPLEMENTATION

1 error

======================
Full classname legend:
======================
EntityManager: "javax.persistence.EntityManager"
========================
End of classname legend:
========================

	at com.google.inject.internal.InjectorImpl.getProvider(InjectorImpl.java:1126)
	at com.google.inject.internal.InjectorImpl.getProvider(InjectorImpl.java:1086)
	at ninja.RouteBuilderImpl.buildFilterChain(RouteBuilderImpl.java:290)
	at ninja.RouteBuilderImpl.buildRoute(RouteBuilderImpl.java:250)
	at ninja.RouterImpl.lambda$compileRoutes$1(RouterImpl.java:192)
	at java.base/java.util.ArrayList.forEach(ArrayList.java:1511)
	at ninja.RouterImpl.compileRoutes(RouterImpl.java:191)
	at ninja.Bootstrap.initRoutes(Bootstrap.java:260)
	at ninja.Bootstrap.boot(Bootstrap.java:122)
	... 61 more

