<?xml version="1.0" encoding="UTF-8" ?>
<testsuite tests="2" failures="0" name="controllers.ApiControllerDocTesterTest" time="2.637" errors="2" skipped="0">
  <properties>
[...]
</properties>
  <testcase classname="controllers.ApiControllerDocTesterTest" name="testGetIndex" time="2.429">
    <error message="java.lang.RuntimeException: Unable to initialize Ninja routes" type="java.lang.RuntimeException">java.lang.RuntimeException: java.lang.RuntimeException: Unable to initialize Ninja routes
	at ninja.utils.NinjaTestServer.&lt;init&gt;(NinjaTestServer.java:169)
	at ninja.utils.NinjaTestServer.&lt;init&gt;(NinjaTestServer.java:34)
	at ninja.utils.NinjaTestServer$Builder.build(NinjaTestServer.java:139)
	at ninja.NinjaDocTester.startServerInTestMode(NinjaDocTester.java:43)
	at java.base/jdk.internal.reflect.NativeMethodAccessorImpl.invoke0(Native Method)
	at java.base/jdk.internal.reflect.NativeMethodAccessorImpl.invoke(NativeMethodAccessorImpl.java:77)
	at java.base/jdk.internal.reflect.DelegatingMethodAccessorImpl.invoke(DelegatingMethodAccessorImpl.java:43)
	at java.base/java.lang.reflect.Method.invoke(Method.java:568)
	at org.junit.runners.model.FrameworkMethod$1.runReflectiveCall(FrameworkMethod.java:59)
	at org.junit.internal.runners.model.ReflectiveCallable.run(ReflectiveCallable.java:12)
	at org.junit.runners.model.FrameworkMethod.invokeExplosively(FrameworkMethod.java:56)
	at org.junit.internal.runners.statements.RunBefores.invokeMethod(RunBefores.java:33)
	at org.junit.internal.runners.statements.RunBefores.evaluate(RunBefores.java:24)
	at org.junit.internal.runners.statements.RunAfters.evaluate(RunAfters.java:27)
	at org.junit.rules.TestWatcher$1.evaluate(TestWatcher.java:61)
	at org.junit.runners.ParentRunner$3.evaluate(ParentRunner.java:306)
	at org.junit.runners.BlockJUnit4ClassRunner$1.evaluate(BlockJUnit4ClassRunner.java:100)
	at org.junit.runners.ParentRunner.runLeaf(ParentRunner.java:366)
	at org.junit.runners.BlockJUnit4ClassRunner.runChild(BlockJUnit4ClassRunner.java:103)
	at org.junit.runners.BlockJUnit4ClassRunner.runChild(BlockJUnit4ClassRunner.java:63)
	at org.junit.runners.ParentRunner$4.run(ParentRunner.java:331)
	at org.junit.runners.ParentRunner$1.schedule(ParentRunner.java:79)
	at org.junit.runners.ParentRunner.runChildren(ParentRunner.java:329)
	at org.junit.runners.ParentRunner.access$100(ParentRunner.java:66)
	at org.junit.runners.ParentRunner$2.evaluate(ParentRunner.java:293)
	at org.junit.internal.runners.statements.RunAfters.evaluate(RunAfters.java:27)
	at org.junit.runners.ParentRunner$3.evaluate(ParentRunner.java:306)
	at org.junit.runners.ParentRunner.run(ParentRunner.java:413)
	at org.apache.maven.surefire.junit4.JUnit4Provider.execute(JUnit4Provider.java:252)
	at org.apache.maven.surefire.junit4.JUnit4Provider.executeTestSet(JUnit4Provider.java:141)
	at org.apache.maven.surefire.junit4.JUnit4Provider.invoke(JUnit4Provider.java:112)
	at java.base/jdk.internal.reflect.NativeMethodAccessorImpl.invoke0(Native Method)
	at java.base/jdk.internal.reflect.NativeMethodAccessorImpl.invoke(NativeMethodAccessorImpl.java:77)
	at java.base/jdk.internal.reflect.DelegatingMethodAccessorImpl.invoke(DelegatingMethodAccessorImpl.java:43)
	at java.base/java.lang.reflect.Method.invoke(Method.java:568)
	at org.apache.maven.surefire.util.ReflectionUtils.invokeMethodWithArray(ReflectionUtils.java:189)
	at org.apache.maven.surefire.booter.ProviderFactory$ProviderProxy.invoke(ProviderFactory.java:165)
	at org.apache.maven.surefire.booter.ProviderFactory.invokeProvider(ProviderFactory.java:85)
	at org.apache.maven.surefire.booter.ForkedBooter.runSuitesInProcess(ForkedBooter.java:115)
	at org.apache.maven.surefire.booter.ForkedBooter.main(ForkedBooter.java:75)
Caused by: java.lang.RuntimeException: Unable to initialize Ninja routes
	at ninja.Bootstrap.boot(Bootstrap.java:124)
	at ninja.servlet.NinjaServletListener.createNinjaBootstrap(NinjaServletListener.java:165)
	at ninja.servlet.NinjaServletListener.getInjector(NinjaServletListener.java:135)
	at com.google.inject.servlet.GuiceServletContextListener.contextInitialized(GuiceServletContextListener.java:45)
	at ninja.servlet.NinjaServletListener.contextInitialized(NinjaServletListener.java:86)
	at org.eclipse.jetty.server.handler.ContextHandler.callContextInitialized(ContextHandler.java:1067)
	at org.eclipse.jetty.servlet.ServletContextHandler.callContextInitialized(ServletContextHandler.java:572)
	at org.eclipse.jetty.server.handler.ContextHandler.contextInitialized(ContextHandler.java:996)
	at org.eclipse.jetty.servlet.ServletHandler.initialize(ServletHandler.java:746)
	at org.eclipse.jetty.servlet.ServletContextHandler.startContext(ServletContextHandler.java:379)
	at org.eclipse.jetty.server.handler.ContextHandler.doStart(ContextHandler.java:910)
	at org.eclipse.jetty.servlet.ServletContextHandler.doStart(ServletContextHandler.java:288)
	at org.eclipse.jetty.util.component.AbstractLifeCycle.start(AbstractLifeCycle.java:73)
	at org.eclipse.jetty.util.component.ContainerLifeCycle.start(ContainerLifeCycle.java:169)
	at org.eclipse.jetty.server.Server.start(Server.java:423)
	at org.eclipse.jetty.util.component.ContainerLifeCycle.doStart(ContainerLifeCycle.java:110)
	at org.eclipse.jetty.server.handler.AbstractHandler.doStart(AbstractHandler.java:97)
	at org.eclipse.jetty.server.Server.doStart(Server.java:387)
	at org.eclipse.jetty.util.component.AbstractLifeCycle.start(AbstractLifeCycle.java:73)
	at ninja.standalone.NinjaJetty.doStart(NinjaJetty.java:171)
	at ninja.standalone.AbstractConsole.start(AbstractConsole.java:91)
	at ninja.standalone.AbstractConsole.start(AbstractConsole.java:35)
	at ninja.utils.NinjaTestServer.&lt;init&gt;(NinjaTestServer.java:167)
	... 39 more
Caused by: com.google.inject.ConfigurationException: Guice configuration errors:

1) [Guice/MissingImplementation]: No implementation for EntityManager was bound.

Requested by:
1  : dao.UserDao.entityManagerProvider(UserDao.java:16)
      \_ for field entityManagerProvider
     at controllers.AuthController.userDao(AuthController.java:17)
      \_ for field userDao
     while locating controllers.AuthController

Learn more:
  https://github.com/google/guice/wiki/MISSING_IMPLEMENTATION

1 error

======================
Full classname legend:
======================
EntityManager: &quot;javax.persistence.EntityManager&quot;
========================
End of classname legend:
========================

	at com.google.inject.internal.InjectorImpl.getProvider(InjectorImpl.java:1126)
	at com.google.inject.internal.InjectorImpl.getProvider(InjectorImpl.java:1086)
	at ninja.RouteBuilderImpl.buildFilterChain(RouteBuilderImpl.java:290)
	at ninja.RouteBuilderImpl.buildRoute(RouteBuilderImpl.java:250)
	at ninja.RouterImpl.lambda$compileRoutes$1(RouterImpl.java:192)
	at java.base/java.util.ArrayList.forEach(ArrayList.java:1511)
	at ninja.RouterImpl.compileRoutes(RouterImpl.java:191)
	at ninja.Bootstrap.initRoutes(Bootstrap.java:260)
	at ninja.Bootstrap.boot(Bootstrap.java:122)
	... 61 more
</error>
    <system-out>20:10:25.876 [main] INFO  ninja.utils.NinjaModeHelper - Ninja is running in mode prod
20:10:25.968 [main] INFO  org.eclipse.jetty.util.log - Logging initialized @858ms to org.eclipse.jetty.util.log.Slf4jLog
20:10:26.588 [main] WARN  o.e.j.server.handler.ContextHandler - Empty contextPath
20:10:26.693 [main] INFO  ninja.standalone.NinjaJetty - Trying to start jetty v9.4.44.v20210927 on &lt;all&gt;:1024, 8443/ssl
20:10:26.695 [main] INFO  org.eclipse.jetty.server.Server - jetty-9.4.44.v20210927; built: 2021-09-27T23:02:44.612Z; git: 8da83308eeca865e495e53ef315a249d63ba9332; jvm 17.0.1+12-LTS-39
20:10:26.737 [main] INFO  ninja.servlet.NinjaServletListener - Using JSR-356 websocket container ServerContainer@7c041b41{STARTED}
20:10:26.752 [main] INFO  ninja.Bootstrap - Successfully configured Logback.
20:10:26.755 [main] INFO  ninja.Bootstrap - Enabling Ninja classic configuration
20:10:27.729 [main] INFO  ninja.utils.SwissKnife - Could not load file conf/messages_en.properties (not a bad thing necessarily, but I am returing null)
20:10:27.729 [main] INFO  ninja.i18n.MessagesImpl - Did not find conf/messages_en.properties but it was specified in application.conf. Using default language instead.
20:10:27.808 [main] INFO  n.template.TemplateEngineManagerImpl - -------------------------------------------------------------------
20:10:27.809 [main] INFO  n.template.TemplateEngineManagerImpl - Registered response template engines
20:10:27.809 [main] INFO  n.template.TemplateEngineManagerImpl - -------------------------------------------------------------------
20:10:27.809 [main] INFO  n.template.TemplateEngineManagerImpl - application/javascript  =&gt;  ninja.template.TemplateEngineJsonP
20:10:27.809 [main] INFO  n.template.TemplateEngineManagerImpl - application/json        =&gt;  ninja.template.TemplateEngineJson
20:10:27.809 [main] INFO  n.template.TemplateEngineManagerImpl - application/xml         =&gt;  ninja.template.TemplateEngineXml
20:10:27.809 [main] INFO  n.template.TemplateEngineManagerImpl - text/html               =&gt;  ninja.template.TemplateEngineFreemarker
20:10:27.809 [main] INFO  n.template.TemplateEngineManagerImpl - text/plain              =&gt;  ninja.template.TemplateEngineText
20:10:27.829 [main] INFO  n.b.BodyParserEngineManagerImpl - -------------------------------------------------------------------------------------
20:10:27.829 [main] INFO  n.b.BodyParserEngineManagerImpl - Registered request bodyparser engines
20:10:27.829 [main] INFO  n.b.BodyParserEngineManagerImpl - -------------------------------------------------------------------------------------
20:10:27.829 [main] INFO  n.b.BodyParserEngineManagerImpl - application/json                   =&gt;  ninja.bodyparser.BodyParserEngineJson
20:10:27.829 [main] INFO  n.b.BodyParserEngineManagerImpl - application/x-www-form-urlencoded  =&gt;  ninja.bodyparser.BodyParserEnginePost
20:10:27.829 [main] INFO  n.b.BodyParserEngineManagerImpl - application/xml                    =&gt;  ninja.bodyparser.BodyParserEngineXml
20:10:27.830 [main] INFO  n.b.BodyParserEngineManagerImpl - multipart/form-data                =&gt;  ninja.bodyparser.BodyParserEngineMultipartPost
20:10:27.832 [main] INFO  ninja.Bootstrap - Ninja injector started in 1073 ms.
</system-out>
  </testcase>
  <testcase classname="controllers.ApiControllerDocTesterTest" name="testGetHelloWorldJson" time="0.208">
    <error message="java.lang.RuntimeException: Unable to initialize Ninja routes" type="java.lang.RuntimeException">java.lang.RuntimeException: java.lang.RuntimeException: Unable to initialize Ninja routes
	at ninja.utils.NinjaTestServer.&lt;init&gt;(NinjaTestServer.java:169)
	at ninja.utils.NinjaTestServer.&lt;init&gt;(NinjaTestServer.java:34)
	at ninja.utils.NinjaTestServer$Builder.build(NinjaTestServer.java:139)
	at ninja.NinjaDocTester.startServerInTestMode(NinjaDocTester.java:43)
	at java.base/jdk.internal.reflect.NativeMethodAccessorImpl.invoke0(Native Method)
	at java.base/jdk.internal.reflect.NativeMethodAccessorImpl.invoke(NativeMethodAccessorImpl.java:77)
	at java.base/jdk.internal.reflect.DelegatingMethodAccessorImpl.invoke(DelegatingMethodAccessorImpl.java:43)
	at java.base/java.lang.reflect.Method.invoke(Method.java:568)
	at org.junit.runners.model.FrameworkMethod$1.runReflectiveCall(FrameworkMethod.java:59)
	at org.junit.internal.runners.model.ReflectiveCallable.run(ReflectiveCallable.java:12)
	at org.junit.runners.model.FrameworkMethod.invokeExplosively(FrameworkMethod.java:56)
	at org.junit.internal.runners.statements.RunBefores.invokeMethod(RunBefores.java:33)
	at org.junit.internal.runners.statements.RunBefores.evaluate(RunBefores.java:24)
	at org.junit.internal.runners.statements.RunAfters.evaluate(RunAfters.java:27)
	at org.junit.rules.TestWatcher$1.evaluate(TestWatcher.java:61)
	at org.junit.runners.ParentRunner$3.evaluate(ParentRunner.java:306)
	at org.junit.runners.BlockJUnit4ClassRunner$1.evaluate(BlockJUnit4ClassRunner.java:100)
	at org.junit.runners.ParentRunner.runLeaf(ParentRunner.java:366)
	at org.junit.runners.BlockJUnit4ClassRunner.runChild(BlockJUnit4ClassRunner.java:103)
	at org.junit.runners.BlockJUnit4ClassRunner.runChild(BlockJUnit4ClassRunner.java:63)
	at org.junit.runners.ParentRunner$4.run(ParentRunner.java:331)
	at org.junit.runners.ParentRunner$1.schedule(ParentRunner.java:79)
	at org.junit.runners.ParentRunner.runChildren(ParentRunner.java:329)
	at org.junit.runners.ParentRunner.access$100(ParentRunner.java:66)
	at org.junit.runners.ParentRunner$2.evaluate(ParentRunner.java:293)
	at org.junit.internal.runners.statements.RunAfters.evaluate(RunAfters.java:27)
	at org.junit.runners.ParentRunner$3.evaluate(ParentRunner.java:306)
	at org.junit.runners.ParentRunner.run(ParentRunner.java:413)
	at org.apache.maven.surefire.junit4.JUnit4Provider.execute(JUnit4Provider.java:252)
	at org.apache.maven.surefire.junit4.JUnit4Provider.executeTestSet(JUnit4Provider.java:141)
	at org.apache.maven.surefire.junit4.JUnit4Provider.invoke(JUnit4Provider.java:112)
	at java.base/jdk.internal.reflect.NativeMethodAccessorImpl.invoke0(Native Method)
	at java.base/jdk.internal.reflect.NativeMethodAccessorImpl.invoke(NativeMethodAccessorImpl.java:77)
	at java.base/jdk.internal.reflect.DelegatingMethodAccessorImpl.invoke(DelegatingMethodAccessorImpl.java:43)
	at java.base/java.lang.reflect.Method.invoke(Method.java:568)
	at org.apache.maven.surefire.util.ReflectionUtils.invokeMethodWithArray(ReflectionUtils.java:189)
	at org.apache.maven.surefire.booter.ProviderFactory$ProviderProxy.invoke(ProviderFactory.java:165)
	at org.apache.maven.surefire.booter.ProviderFactory.invokeProvider(ProviderFactory.java:85)
	at org.apache.maven.surefire.booter.ForkedBooter.runSuitesInProcess(ForkedBooter.java:115)
	at org.apache.maven.surefire.booter.ForkedBooter.main(ForkedBooter.java:75)
Caused by: java.lang.RuntimeException: Unable to initialize Ninja routes
	at ninja.Bootstrap.boot(Bootstrap.java:124)
	at ninja.servlet.NinjaServletListener.createNinjaBootstrap(NinjaServletListener.java:165)
	at ninja.servlet.NinjaServletListener.getInjector(NinjaServletListener.java:135)
	at com.google.inject.servlet.GuiceServletContextListener.contextInitialized(GuiceServletContextListener.java:45)
	at ninja.servlet.NinjaServletListener.contextInitialized(NinjaServletListener.java:86)
	at org.eclipse.jetty.server.handler.ContextHandler.callContextInitialized(ContextHandler.java:1067)
	at org.eclipse.jetty.servlet.ServletContextHandler.callContextInitialized(ServletContextHandler.java:572)
	at org.eclipse.jetty.server.handler.ContextHandler.contextInitialized(ContextHandler.java:996)
	at org.eclipse.jetty.servlet.ServletHandler.initialize(ServletHandler.java:746)
	at org.eclipse.jetty.servlet.ServletContextHandler.startContext(ServletContextHandler.java:379)
	at org.eclipse.jetty.server.handler.ContextHandler.doStart(ContextHandler.java:910)
	at org.eclipse.jetty.servlet.ServletContextHandler.doStart(ServletContextHandler.java:288)
	at org.eclipse.jetty.util.component.AbstractLifeCycle.start(AbstractLifeCycle.java:73)
	at org.eclipse.jetty.util.component.ContainerLifeCycle.start(ContainerLifeCycle.java:169)
	at org.eclipse.jetty.server.Server.start(Server.java:423)
	at org.eclipse.jetty.util.component.ContainerLifeCycle.doStart(ContainerLifeCycle.java:110)
	at org.eclipse.jetty.server.handler.AbstractHandler.doStart(AbstractHandler.java:97)
	at org.eclipse.jetty.server.Server.doStart(Server.java:387)
	at org.eclipse.jetty.util.component.AbstractLifeCycle.start(AbstractLifeCycle.java:73)
	at ninja.standalone.NinjaJetty.doStart(NinjaJetty.java:171)
	at ninja.standalone.AbstractConsole.start(AbstractConsole.java:91)
	at ninja.standalone.AbstractConsole.start(AbstractConsole.java:35)
	at ninja.utils.NinjaTestServer.&lt;init&gt;(NinjaTestServer.java:167)
	... 39 more
Caused by: com.google.inject.ConfigurationException: Guice configuration errors:

1) [Guice/MissingImplementation]: No implementation for EntityManager was bound.

Requested by:
1  : dao.UserDao.entityManagerProvider(UserDao.java:16)
      \_ for field entityManagerProvider
     at controllers.AuthController.userDao(AuthController.java:17)
      \_ for field userDao
     while locating controllers.AuthController

Learn more:
  https://github.com/google/guice/wiki/MISSING_IMPLEMENTATION

1 error

======================
Full classname legend:
======================
EntityManager: &quot;javax.persistence.EntityManager&quot;
========================
End of classname legend:
========================

	at com.google.inject.internal.InjectorImpl.getProvider(InjectorImpl.java:1126)
	at com.google.inject.internal.InjectorImpl.getProvider(InjectorImpl.java:1086)
	at ninja.RouteBuilderImpl.buildFilterChain(RouteBuilderImpl.java:290)
	at ninja.RouteBuilderImpl.buildRoute(RouteBuilderImpl.java:250)
	at ninja.RouterImpl.lambda$compileRoutes$1(RouterImpl.java:192)
	at java.base/java.util.ArrayList.forEach(ArrayList.java:1511)
	at ninja.RouterImpl.compileRoutes(RouterImpl.java:191)
	at ninja.Bootstrap.initRoutes(Bootstrap.java:260)
	at ninja.Bootstrap.boot(Bootstrap.java:122)
	... 61 more
</error>
    <system-out>20:10:27.928 [main] INFO  ninja.utils.NinjaModeHelper - Ninja is running in mode prod
20:10:28.049 [main] WARN  o.e.j.server.handler.ContextHandler - Empty contextPath
20:10:28.052 [main] INFO  ninja.standalone.NinjaJetty - Trying to start jetty v9.4.44.v20210927 on &lt;all&gt;:1024, 8443/ssl
20:10:28.052 [main] INFO  org.eclipse.jetty.server.Server - jetty-9.4.44.v20210927; built: 2021-09-27T23:02:44.612Z; git: 8da83308eeca865e495e53ef315a249d63ba9332; jvm 17.0.1+12-LTS-39
20:10:28.054 [main] INFO  ninja.servlet.NinjaServletListener - Using JSR-356 websocket container ServerContainer@11b14ae3{STARTED}
20:10:28.055 [main] INFO  ninja.Bootstrap - Successfully configured Logback.
20:10:28.055 [main] INFO  ninja.Bootstrap - Enabling Ninja classic configuration
20:10:28.124 [main] INFO  ninja.utils.SwissKnife - Could not load file conf/messages_en.properties (not a bad thing necessarily, but I am returing null)
20:10:28.124 [main] INFO  ninja.i18n.MessagesImpl - Did not find conf/messages_en.properties but it was specified in application.conf. Using default language instead.
20:10:28.126 [main] INFO  n.template.TemplateEngineManagerImpl - -------------------------------------------------------------------
20:10:28.126 [main] INFO  n.template.TemplateEngineManagerImpl - Registered response template engines
20:10:28.126 [main] INFO  n.template.TemplateEngineManagerImpl - -------------------------------------------------------------------
20:10:28.126 [main] INFO  n.template.TemplateEngineManagerImpl - application/javascript  =&gt;  ninja.template.TemplateEngineJsonP
20:10:28.126 [main] INFO  n.template.TemplateEngineManagerImpl - application/json        =&gt;  ninja.template.TemplateEngineJson
20:10:28.126 [main] INFO  n.template.TemplateEngineManagerImpl - application/xml         =&gt;  ninja.template.TemplateEngineXml
20:10:28.126 [main] INFO  n.template.TemplateEngineManagerImpl - text/html               =&gt;  ninja.template.TemplateEngineFreemarker
20:10:28.126 [main] INFO  n.template.TemplateEngineManagerImpl - text/plain              =&gt;  ninja.template.TemplateEngineText
20:10:28.127 [main] INFO  n.b.BodyParserEngineManagerImpl - -------------------------------------------------------------------------------------
20:10:28.127 [main] INFO  n.b.BodyParserEngineManagerImpl - Registered request bodyparser engines
20:10:28.127 [main] INFO  n.b.BodyParserEngineManagerImpl - -------------------------------------------------------------------------------------
20:10:28.127 [main] INFO  n.b.BodyParserEngineManagerImpl - application/json                   =&gt;  ninja.bodyparser.BodyParserEngineJson
20:10:28.127 [main] INFO  n.b.BodyParserEngineManagerImpl - application/x-www-form-urlencoded  =&gt;  ninja.bodyparser.BodyParserEnginePost
20:10:28.128 [main] INFO  n.b.BodyParserEngineManagerImpl - application/xml                    =&gt;  ninja.bodyparser.BodyParserEngineXml
20:10:28.128 [main] INFO  n.b.BodyParserEngineManagerImpl - multipart/form-data                =&gt;  ninja.bodyparser.BodyParserEngineMultipartPost
20:10:28.128 [main] INFO  ninja.Bootstrap - Ninja injector started in 72 ms.
</system-out>
    <system-err>Mar 16, 2022 8:10:28 PM com.google.inject.servlet.GuiceFilter setPipeline
WARNING: Multiple Servlet injectors detected. This is a warning indicating that you have more than one GuiceFilter running in your web application. If this is deliberate, you may safely ignore this message. If this is NOT deliberate however, your application may not work as expected.
</system-err>
  </testcase>
</testsuite>